This file contains any messages produced by compilers while
running configure, to aid debugging if configure makes a mistake.

It was created by xdrfile configure 1.1.1, which was
generated by GNU Autoconf 2.69.  Invocation command line was

  $ ./configure --prefix=/home/cson/program/utility/trajmod/gmx_xtc/

## --------- ##
## Platform. ##
## --------- ##

hostname = blob
uname -m = x86_64
uname -r = 4.4.0-72-generic
uname -s = Linux
uname -v = #93-Ubuntu SMP Fri Mar 31 14:07:41 UTC 2017

/usr/bin/uname -p = unknown
/bin/uname -X     = unknown

/bin/arch              = unknown
/usr/bin/arch -k       = unknown
/usr/convex/getsysinfo = unknown
/usr/bin/hostinfo      = unknown
/bin/machine           = unknown
/usr/bin/oslevel       = unknown
/bin/universe          = unknown

PATH: /usr/local/sbin
PATH: /usr/local/bin
PATH: /usr/sbin
PATH: /usr/bin
PATH: /sbin
PATH: /bin
PATH: /usr/games
PATH: /usr/local/games
PATH: /snap/bin


## ----------- ##
## Core tests. ##
## ----------- ##

configure:2929: checking build system type
configure:2943: result: x86_64-unknown-linux-gnu
configure:2963: checking host system type
configure:2976: result: x86_64-unknown-linux-gnu
configure:3013: checking for a BSD-compatible install
configure:3081: result: /usr/bin/install -c
configure:3092: checking whether build environment is sane
configure:3142: result: yes
configure:3283: checking for a thread-safe mkdir -p
configure:3322: result: /bin/mkdir -p
configure:3335: checking for gawk
configure:3351: found /usr/bin/gawk
configure:3362: result: gawk
configure:3373: checking whether make sets $(MAKE)
configure:3395: result: yes
configure:3470: checking how to create a ustar tar archive
configure:3483: tar --version
tar (GNU tar) 1.28
Copyright (C) 2014 Free Software Foundation, Inc.
License GPLv3+: GNU GPL version 3 or later <http://gnu.org/licenses/gpl.html>.
This is free software: you are free to change and redistribute it.
There is NO WARRANTY, to the extent permitted by law.

Written by John Gilmore and Jay Fenlason.
configure:3486: $? = 0
configure:3526: tardir=conftest.dir && eval tar --format=ustar -chf - "$tardir" >conftest.tar
configure:3529: $? = 0
configure:3533: tar -xf - <conftest.tar
configure:3536: $? = 0
configure:3549: result: gnutar
configure:3783: checking for C compiler version
configure:3792: gcc --version >&5
gcc (Ubuntu 5.4.0-6ubuntu1~16.04.4) 5.4.0 20160609
Copyright (C) 2015 Free Software Foundation, Inc.
This is free software; see the source for copying conditions.  There is NO
warranty; not even for MERCHANTABILITY or FITNESS FOR A PARTICULAR PURPOSE.

configure:3803: $? = 0
configure:3792: gcc -v >&5
Using built-in specs.
COLLECT_GCC=gcc
COLLECT_LTO_WRAPPER=/usr/lib/gcc/x86_64-linux-gnu/5/lto-wrapper
Target: x86_64-linux-gnu
Configured with: ../src/configure -v --with-pkgversion='Ubuntu 5.4.0-6ubuntu1~16.04.4' --with-bugurl=file:///usr/share/doc/gcc-5/README.Bugs --enable-languages=c,ada,c++,java,go,d,fortran,objc,obj-c++ --prefix=/usr --program-suffix=-5 --enable-shared --enable-linker-build-id --libexecdir=/usr/lib --without-included-gettext --enable-threads=posix --libdir=/usr/lib --enable-nls --with-sysroot=/ --enable-clocale=gnu --enable-libstdcxx-debug --enable-libstdcxx-time=yes --with-default-libstdcxx-abi=new --enable-gnu-unique-object --disable-vtable-verify --enable-libmpx --enable-plugin --with-system-zlib --disable-browser-plugin --enable-java-awt=gtk --enable-gtk-cairo --with-java-home=/usr/lib/jvm/java-1.5.0-gcj-5-amd64/jre --enable-java-home --with-jvm-root-dir=/usr/lib/jvm/java-1.5.0-gcj-5-amd64 --with-jvm-jar-dir=/usr/lib/jvm-exports/java-1.5.0-gcj-5-amd64 --with-arch-directory=amd64 --with-ecj-jar=/usr/share/java/eclipse-ecj.jar --enable-objc-gc --enable-multiarch --disable-werror --with-arch-32=i686 --with-abi=m64 --with-multilib-list=m32,m64,mx32 --enable-multilib --with-tune=generic --enable-checking=release --build=x86_64-linux-gnu --host=x86_64-linux-gnu --target=x86_64-linux-gnu
Thread model: posix
gcc version 5.4.0 20160609 (Ubuntu 5.4.0-6ubuntu1~16.04.4) 
configure:3803: $? = 0
configure:3792: gcc -V >&5
gcc: error: unrecognized command line option '-V'
gcc: fatal error: no input files
compilation terminated.
configure:3803: $? = 1
configure:3792: gcc -qversion >&5
gcc: error: unrecognized command line option '-qversion'
gcc: fatal error: no input files
compilation terminated.
configure:3803: $? = 1
configure:3823: checking whether the C compiler works
configure:3845: gcc    conftest.c  >&5
configure:3849: $? = 0
configure:3897: result: yes
configure:3900: checking for C compiler default output file name
configure:3902: result: a.out
configure:3908: checking for suffix of executables
configure:3915: gcc -o conftest    conftest.c  >&5
configure:3919: $? = 0
configure:3941: result: 
configure:3963: checking whether we are cross compiling
configure:3971: gcc -o conftest    conftest.c  >&5
configure:3975: $? = 0
configure:3982: ./conftest
configure:3986: $? = 0
configure:4001: result: no
configure:4006: checking for suffix of object files
configure:4028: gcc -c   conftest.c >&5
configure:4032: $? = 0
configure:4053: result: o
configure:4057: checking whether we are using the GNU C compiler
configure:4076: gcc -c   conftest.c >&5
configure:4076: $? = 0
configure:4085: result: yes
configure:4094: checking whether gcc accepts -g
configure:4114: gcc -c -g  conftest.c >&5
configure:4114: $? = 0
configure:4155: result: yes
configure:4172: checking for gcc option to accept ISO C89
configure:4235: gcc  -c -g -O2  conftest.c >&5
configure:4235: $? = 0
configure:4248: result: none needed
configure:4279: checking for style of include used by make
configure:4307: result: GNU
configure:4332: checking dependency style of gcc
configure:4442: result: gcc3
configure:4689: checking dependency style of gcc
configure:4797: result: gcc3
configure:5662: checking how to run the C preprocessor
configure:5693: gcc -E  conftest.c
configure:5693: $? = 0
configure:5707: gcc -E  conftest.c
conftest.c:16:28: fatal error: ac_nonexistent.h: No such file or directory
compilation terminated.
configure:5707: $? = 1
configure: failed program was:
| /* confdefs.h */
| #define PACKAGE_NAME "xdrfile"
| #define PACKAGE_TARNAME "xdrfile"
| #define PACKAGE_VERSION "1.1.1"
| #define PACKAGE_STRING "xdrfile 1.1.1"
| #define PACKAGE_BUGREPORT "gmx-users@gromacs.org"
| #define PACKAGE_URL ""
| #define PACKAGE "xdrfile"
| #define VERSION "1.1.1"
| #define BUILD_TIME "Sun Aug  5 19:34:03 PDT 2018"
| #define BUILD_USER "cson@blob"
| #define BUILD_MACHINE "Linux 4.4.0-72-generic x86_64"
| #define F77_OR_C_FUNC(name,NAME) name
| #define F77_OR_C_FUNC_(name,NAME) name
| /* end confdefs.h.  */
| #include <ac_nonexistent.h>
configure:5732: result: gcc -E
configure:5752: gcc -E  conftest.c
configure:5752: $? = 0
configure:5766: gcc -E  conftest.c
conftest.c:16:28: fatal error: ac_nonexistent.h: No such file or directory
compilation terminated.
configure:5766: $? = 1
configure: failed program was:
| /* confdefs.h */
| #define PACKAGE_NAME "xdrfile"
| #define PACKAGE_TARNAME "xdrfile"
| #define PACKAGE_VERSION "1.1.1"
| #define PACKAGE_STRING "xdrfile 1.1.1"
| #define PACKAGE_BUGREPORT "gmx-users@gromacs.org"
| #define PACKAGE_URL ""
| #define PACKAGE "xdrfile"
| #define VERSION "1.1.1"
| #define BUILD_TIME "Sun Aug  5 19:34:03 PDT 2018"
| #define BUILD_USER "cson@blob"
| #define BUILD_MACHINE "Linux 4.4.0-72-generic x86_64"
| #define F77_OR_C_FUNC(name,NAME) name
| #define F77_OR_C_FUNC_(name,NAME) name
| /* end confdefs.h.  */
| #include <ac_nonexistent.h>
configure:6186: checking whether gcc accepts -O3
configure:6204: result: yes
configure:6484: checking whether gcc accepts -msse2
configure:6502: result: yes
configure:6516: checking whether gcc accepts -funroll-all-loops
configure:6534: result: yes
configure:6546: checking whether gcc accepts -std=gnu99
configure:6564: result: yes
configure:6579: checking whether gcc accepts -fexcess-precision=fast
configure:6597: result: yes
configure:6638: checking whether gcc accepts  -O3 -fomit-frame-pointer -finline-functions -Wall -Wno-unused -msse2 -funroll-all-loops -std=gnu99 -fexcess-precision=fast
configure:6656: result: yes
configure:6748: checking for grep that handles long lines and -e
configure:6806: result: /bin/grep
configure:6811: checking for egrep
configure:6873: result: /bin/grep -E
configure:6878: checking for ANSI C header files
configure:6906: gcc -c  -O3 -fomit-frame-pointer -finline-functions -Wall -Wno-unused -msse2 -funroll-all-loops -std=gnu99 -fexcess-precision=fast  conftest.c >&5
configure:6906: $? = 0
configure:6979: gcc -o conftest  -O3 -fomit-frame-pointer -finline-functions -Wall -Wno-unused -msse2 -funroll-all-loops -std=gnu99 -fexcess-precision=fast    conftest.c  >&5
configure:6979: $? = 0
configure:6979: ./conftest
configure:6979: $? = 0
configure:6990: result: yes
configure:7003: checking for sys/types.h
configure:7003: gcc -c  -O3 -fomit-frame-pointer -finline-functions -Wall -Wno-unused -msse2 -funroll-all-loops -std=gnu99 -fexcess-precision=fast  conftest.c >&5
configure:7003: $? = 0
configure:7003: result: yes
configure:7003: checking for sys/stat.h
configure:7003: gcc -c  -O3 -fomit-frame-pointer -finline-functions -Wall -Wno-unused -msse2 -funroll-all-loops -std=gnu99 -fexcess-precision=fast  conftest.c >&5
configure:7003: $? = 0
configure:7003: result: yes
configure:7003: checking for stdlib.h
configure:7003: gcc -c  -O3 -fomit-frame-pointer -finline-functions -Wall -Wno-unused -msse2 -funroll-all-loops -std=gnu99 -fexcess-precision=fast  conftest.c >&5
configure:7003: $? = 0
configure:7003: result: yes
configure:7003: checking for string.h
configure:7003: gcc -c  -O3 -fomit-frame-pointer -finline-functions -Wall -Wno-unused -msse2 -funroll-all-loops -std=gnu99 -fexcess-precision=fast  conftest.c >&5
configure:7003: $? = 0
configure:7003: result: yes
configure:7003: checking for memory.h
configure:7003: gcc -c  -O3 -fomit-frame-pointer -finline-functions -Wall -Wno-unused -msse2 -funroll-all-loops -std=gnu99 -fexcess-precision=fast  conftest.c >&5
configure:7003: $? = 0
configure:7003: result: yes
configure:7003: checking for strings.h
configure:7003: gcc -c  -O3 -fomit-frame-pointer -finline-functions -Wall -Wno-unused -msse2 -funroll-all-loops -std=gnu99 -fexcess-precision=fast  conftest.c >&5
configure:7003: $? = 0
configure:7003: result: yes
configure:7003: checking for inttypes.h
configure:7003: gcc -c  -O3 -fomit-frame-pointer -finline-functions -Wall -Wno-unused -msse2 -funroll-all-loops -std=gnu99 -fexcess-precision=fast  conftest.c >&5
configure:7003: $? = 0
configure:7003: result: yes
configure:7003: checking for stdint.h
configure:7003: gcc -c  -O3 -fomit-frame-pointer -finline-functions -Wall -Wno-unused -msse2 -funroll-all-loops -std=gnu99 -fexcess-precision=fast  conftest.c >&5
configure:7003: $? = 0
configure:7003: result: yes
configure:7003: checking for unistd.h
configure:7003: gcc -c  -O3 -fomit-frame-pointer -finline-functions -Wall -Wno-unused -msse2 -funroll-all-loops -std=gnu99 -fexcess-precision=fast  conftest.c >&5
configure:7003: $? = 0
configure:7003: result: yes
configure:7015: checking whether byte ordering is bigendian
configure:7030: gcc -c  -O3 -fomit-frame-pointer -finline-functions -Wall -Wno-unused -msse2 -funroll-all-loops -std=gnu99 -fexcess-precision=fast  conftest.c >&5
conftest.c:27:9: error: unknown type name 'not'
         not a universal capable compiler
         ^
conftest.c:27:15: error: expected '=', ',', ';', 'asm' or '__attribute__' before 'universal'
         not a universal capable compiler
               ^
conftest.c:27:15: error: unknown type name 'universal'
configure:7030: $? = 1
configure: failed program was:
| /* confdefs.h */
| #define PACKAGE_NAME "xdrfile"
| #define PACKAGE_TARNAME "xdrfile"
| #define PACKAGE_VERSION "1.1.1"
| #define PACKAGE_STRING "xdrfile 1.1.1"
| #define PACKAGE_BUGREPORT "gmx-users@gromacs.org"
| #define PACKAGE_URL ""
| #define PACKAGE "xdrfile"
| #define VERSION "1.1.1"
| #define BUILD_TIME "Sun Aug  5 19:34:03 PDT 2018"
| #define BUILD_USER "cson@blob"
| #define BUILD_MACHINE "Linux 4.4.0-72-generic x86_64"
| #define F77_OR_C_FUNC(name,NAME) name
| #define F77_OR_C_FUNC_(name,NAME) name
| #define STDC_HEADERS 1
| #define HAVE_SYS_TYPES_H 1
| #define HAVE_SYS_STAT_H 1
| #define HAVE_STDLIB_H 1
| #define HAVE_STRING_H 1
| #define HAVE_MEMORY_H 1
| #define HAVE_STRINGS_H 1
| #define HAVE_INTTYPES_H 1
| #define HAVE_STDINT_H 1
| #define HAVE_UNISTD_H 1
| /* end confdefs.h.  */
| #ifndef __APPLE_CC__
| 	       not a universal capable compiler
| 	     #endif
| 	     typedef int dummy;
| 
configure:7083: gcc -c  -O3 -fomit-frame-pointer -finline-functions -Wall -Wno-unused -msse2 -funroll-all-loops -std=gnu99 -fexcess-precision=fast  conftest.c >&5
configure:7083: $? = 0
configure:7109: gcc -c  -O3 -fomit-frame-pointer -finline-functions -Wall -Wno-unused -msse2 -funroll-all-loops -std=gnu99 -fexcess-precision=fast  conftest.c >&5
conftest.c: In function 'main':
conftest.c:41:4: error: unknown type name 'not'
    not big endian
    ^
conftest.c:41:12: error: expected '=', ',', ';', 'asm' or '__attribute__' before 'endian'
    not big endian
            ^
configure:7109: $? = 1
configure: failed program was:
| /* confdefs.h */
| #define PACKAGE_NAME "xdrfile"
| #define PACKAGE_TARNAME "xdrfile"
| #define PACKAGE_VERSION "1.1.1"
| #define PACKAGE_STRING "xdrfile 1.1.1"
| #define PACKAGE_BUGREPORT "gmx-users@gromacs.org"
| #define PACKAGE_URL ""
| #define PACKAGE "xdrfile"
| #define VERSION "1.1.1"
| #define BUILD_TIME "Sun Aug  5 19:34:03 PDT 2018"
| #define BUILD_USER "cson@blob"
| #define BUILD_MACHINE "Linux 4.4.0-72-generic x86_64"
| #define F77_OR_C_FUNC(name,NAME) name
| #define F77_OR_C_FUNC_(name,NAME) name
| #define STDC_HEADERS 1
| #define HAVE_SYS_TYPES_H 1
| #define HAVE_SYS_STAT_H 1
| #define HAVE_STDLIB_H 1
| #define HAVE_STRING_H 1
| #define HAVE_MEMORY_H 1
| #define HAVE_STRINGS_H 1
| #define HAVE_INTTYPES_H 1
| #define HAVE_STDINT_H 1
| #define HAVE_UNISTD_H 1
| /* end confdefs.h.  */
| #include <sys/types.h>
| 		#include <sys/param.h>
| 
| #ifdef F77_DUMMY_MAIN
| 
| #  ifdef __cplusplus
|      extern "C"
| #  endif
|    int F77_DUMMY_MAIN() { return 1; }
| 
| #endif
| int
| main ()
| {
| #if BYTE_ORDER != BIG_ENDIAN
| 		 not big endian
| 		#endif
| 
|   ;
|   return 0;
| }
configure:7269: result: no
configure:7297: checking size of int
configure:7302: gcc -o conftest  -O3 -fomit-frame-pointer -finline-functions -Wall -Wno-unused -msse2 -funroll-all-loops -std=gnu99 -fexcess-precision=fast    conftest.c  >&5
configure:7302: $? = 0
configure:7302: ./conftest
configure:7302: $? = 0
configure:7316: result: 4
configure:7330: checking size of long int
configure:7335: gcc -o conftest  -O3 -fomit-frame-pointer -finline-functions -Wall -Wno-unused -msse2 -funroll-all-loops -std=gnu99 -fexcess-precision=fast    conftest.c  >&5
configure:7335: $? = 0
configure:7335: ./conftest
configure:7335: $? = 0
configure:7349: result: 8
configure:7363: checking size of long long int
configure:7368: gcc -o conftest  -O3 -fomit-frame-pointer -finline-functions -Wall -Wno-unused -msse2 -funroll-all-loops -std=gnu99 -fexcess-precision=fast    conftest.c  >&5
configure:7368: $? = 0
configure:7368: ./conftest
configure:7368: $? = 0
configure:7382: result: 8
configure:7398: checking that size_t can hold pointers
configure:7422: gcc -c  -O3 -fomit-frame-pointer -finline-functions -Wall -Wno-unused -msse2 -funroll-all-loops -std=gnu99 -fexcess-precision=fast  conftest.c >&5
configure:7422: $? = 0
configure:7423: result: yes
configure:7436: checking floating-point format
configure:7457: gcc -c  -O3 -fomit-frame-pointer -finline-functions -Wall -Wno-unused -msse2 -funroll-all-loops -std=gnu99 -fexcess-precision=fast  conftest.c >&5
configure:7460: $? = 0
configure:7488: result: IEEE754 (little-endian byte and word order)
configure:7544: checking whether ln -s works
configure:7548: result: yes
configure:7555: checking whether make sets $(MAKE)
configure:7577: result: yes
configure:7636: checking for a sed that does not truncate output
configure:7690: result: /bin/sed
configure:7704: checking for ld used by gcc
configure:7771: result: /usr/bin/ld
configure:7778: checking if the linker (/usr/bin/ld) is GNU ld
configure:7793: result: yes
configure:7798: checking for /usr/bin/ld option to reload object files
configure:7805: result: -r
configure:7823: checking for BSD-compatible nm
configure:7872: result: /usr/bin/nm -B
configure:7876: checking how to recognise dependent libraries
configure:8052: result: pass_all
configure:8139: gcc -c  -O3 -fomit-frame-pointer -finline-functions -Wall -Wno-unused -msse2 -funroll-all-loops -std=gnu99 -fexcess-precision=fast  conftest.c >&5
configure:8142: $? = 0
configure:8543: checking dlfcn.h usability
configure:8543: gcc -c  -O3 -fomit-frame-pointer -finline-functions -Wall -Wno-unused -msse2 -funroll-all-loops -std=gnu99 -fexcess-precision=fast  conftest.c >&5
configure:8543: $? = 0
configure:8543: result: yes
configure:8543: checking dlfcn.h presence
configure:8543: gcc -E  conftest.c
configure:8543: $? = 0
configure:8543: result: yes
configure:8543: checking for dlfcn.h
configure:8543: result: yes
configure:8611: checking for g++
configure:8627: found /usr/bin/g++
configure:8638: result: g++
configure:8665: checking for C++ compiler version
configure:8674: g++ --version >&5
g++ (Ubuntu 5.4.0-6ubuntu1~16.04.4) 5.4.0 20160609
Copyright (C) 2015 Free Software Foundation, Inc.
This is free software; see the source for copying conditions.  There is NO
warranty; not even for MERCHANTABILITY or FITNESS FOR A PARTICULAR PURPOSE.

configure:8685: $? = 0
configure:8674: g++ -v >&5
Using built-in specs.
COLLECT_GCC=g++
COLLECT_LTO_WRAPPER=/usr/lib/gcc/x86_64-linux-gnu/5/lto-wrapper
Target: x86_64-linux-gnu
Configured with: ../src/configure -v --with-pkgversion='Ubuntu 5.4.0-6ubuntu1~16.04.4' --with-bugurl=file:///usr/share/doc/gcc-5/README.Bugs --enable-languages=c,ada,c++,java,go,d,fortran,objc,obj-c++ --prefix=/usr --program-suffix=-5 --enable-shared --enable-linker-build-id --libexecdir=/usr/lib --without-included-gettext --enable-threads=posix --libdir=/usr/lib --enable-nls --with-sysroot=/ --enable-clocale=gnu --enable-libstdcxx-debug --enable-libstdcxx-time=yes --with-default-libstdcxx-abi=new --enable-gnu-unique-object --disable-vtable-verify --enable-libmpx --enable-plugin --with-system-zlib --disable-browser-plugin --enable-java-awt=gtk --enable-gtk-cairo --with-java-home=/usr/lib/jvm/java-1.5.0-gcj-5-amd64/jre --enable-java-home --with-jvm-root-dir=/usr/lib/jvm/java-1.5.0-gcj-5-amd64 --with-jvm-jar-dir=/usr/lib/jvm-exports/java-1.5.0-gcj-5-amd64 --with-arch-directory=amd64 --with-ecj-jar=/usr/share/java/eclipse-ecj.jar --enable-objc-gc --enable-multiarch --disable-werror --with-arch-32=i686 --with-abi=m64 --with-multilib-list=m32,m64,mx32 --enable-multilib --with-tune=generic --enable-checking=release --build=x86_64-linux-gnu --host=x86_64-linux-gnu --target=x86_64-linux-gnu
Thread model: posix
gcc version 5.4.0 20160609 (Ubuntu 5.4.0-6ubuntu1~16.04.4) 
configure:8685: $? = 0
configure:8674: g++ -V >&5
g++: error: unrecognized command line option '-V'
g++: fatal error: no input files
compilation terminated.
configure:8685: $? = 1
configure:8674: g++ -qversion >&5
g++: error: unrecognized command line option '-qversion'
g++: fatal error: no input files
compilation terminated.
configure:8685: $? = 1
configure:8689: checking whether we are using the GNU C++ compiler
configure:8716: g++ -c   conftest.cpp >&5
configure:8716: $? = 0
configure:8725: result: yes
configure:8734: checking whether g++ accepts -g
configure:8762: g++ -c -g  conftest.cpp >&5
configure:8762: $? = 0
configure:8819: result: yes
configure:8844: checking dependency style of g++
configure:8954: result: gcc3
configure:8979: checking how to run the C++ preprocessor
configure:9006: g++ -E  conftest.cpp
configure:9006: $? = 0
configure:9020: g++ -E  conftest.cpp
conftest.cpp:31:28: fatal error: ac_nonexistent.h: No such file or directory
compilation terminated.
configure:9020: $? = 1
configure: failed program was:
| /* confdefs.h */
| #define PACKAGE_NAME "xdrfile"
| #define PACKAGE_TARNAME "xdrfile"
| #define PACKAGE_VERSION "1.1.1"
| #define PACKAGE_STRING "xdrfile 1.1.1"
| #define PACKAGE_BUGREPORT "gmx-users@gromacs.org"
| #define PACKAGE_URL ""
| #define PACKAGE "xdrfile"
| #define VERSION "1.1.1"
| #define BUILD_TIME "Sun Aug  5 19:34:03 PDT 2018"
| #define BUILD_USER "cson@blob"
| #define BUILD_MACHINE "Linux 4.4.0-72-generic x86_64"
| #define F77_OR_C_FUNC(name,NAME) name
| #define F77_OR_C_FUNC_(name,NAME) name
| #define STDC_HEADERS 1
| #define HAVE_SYS_TYPES_H 1
| #define HAVE_SYS_STAT_H 1
| #define HAVE_STDLIB_H 1
| #define HAVE_STRING_H 1
| #define HAVE_MEMORY_H 1
| #define HAVE_STRINGS_H 1
| #define HAVE_INTTYPES_H 1
| #define HAVE_STDINT_H 1
| #define HAVE_UNISTD_H 1
| #define SIZEOF_INT 4
| #define SIZEOF_LONG_INT 8
| #define SIZEOF_LONG_LONG_INT 8
| #define FLOAT_FORMAT_IEEE754 /**/
| #define HAVE_DLFCN_H 1
| /* end confdefs.h.  */
| #include <ac_nonexistent.h>
configure:9045: result: g++ -E
configure:9065: g++ -E  conftest.cpp
configure:9065: $? = 0
configure:9079: g++ -E  conftest.cpp
conftest.cpp:31:28: fatal error: ac_nonexistent.h: No such file or directory
compilation terminated.
configure:9079: $? = 1
configure: failed program was:
| /* confdefs.h */
| #define PACKAGE_NAME "xdrfile"
| #define PACKAGE_TARNAME "xdrfile"
| #define PACKAGE_VERSION "1.1.1"
| #define PACKAGE_STRING "xdrfile 1.1.1"
| #define PACKAGE_BUGREPORT "gmx-users@gromacs.org"
| #define PACKAGE_URL ""
| #define PACKAGE "xdrfile"
| #define VERSION "1.1.1"
| #define BUILD_TIME "Sun Aug  5 19:34:03 PDT 2018"
| #define BUILD_USER "cson@blob"
| #define BUILD_MACHINE "Linux 4.4.0-72-generic x86_64"
| #define F77_OR_C_FUNC(name,NAME) name
| #define F77_OR_C_FUNC_(name,NAME) name
| #define STDC_HEADERS 1
| #define HAVE_SYS_TYPES_H 1
| #define HAVE_SYS_STAT_H 1
| #define HAVE_STDLIB_H 1
| #define HAVE_STRING_H 1
| #define HAVE_MEMORY_H 1
| #define HAVE_STRINGS_H 1
| #define HAVE_INTTYPES_H 1
| #define HAVE_STDINT_H 1
| #define HAVE_UNISTD_H 1
| #define SIZEOF_INT 4
| #define SIZEOF_LONG_INT 8
| #define SIZEOF_LONG_LONG_INT 8
| #define FLOAT_FORMAT_IEEE754 /**/
| #define HAVE_DLFCN_H 1
| /* end confdefs.h.  */
| #include <ac_nonexistent.h>
configure:9114: checking the maximum length of command line arguments
configure:9223: result: 32768
configure:9234: checking command to parse /usr/bin/nm -B output from gcc object
configure:9339: g++ -c -g -O2  conftest.cpp >&5
configure:9342: $? = 0
configure:9346: /usr/bin/nm -B conftest.o \| sed -n -e 's/^.*[ 	]\([ABCDGIRSTW][ABCDGIRSTW]*\)[ 	][ 	]*\([_A-Za-z][_A-Za-z0-9]*\)$/\1 \2 \2/p' \> conftest.nm
configure:9349: $? = 0
configure:9401: g++ -o conftest -g -O2    conftest.cpp conftstm.o >&5
configure:9404: $? = 0
configure:9442: result: ok
configure:9446: checking for objdir
configure:9461: result: .libs
configure:9553: checking for ar
configure:9569: found /usr/bin/ar
configure:9580: result: ar
configure:9645: checking for ranlib
configure:9661: found /usr/bin/ranlib
configure:9672: result: ranlib
configure:9737: checking for strip
configure:9753: found /usr/bin/strip
configure:9764: result: strip
configure:10050: checking if gcc supports -fno-rtti -fno-exceptions
configure:10068: gcc -c  -O3 -fomit-frame-pointer -finline-functions -Wall -Wno-unused -msse2 -funroll-all-loops -std=gnu99 -fexcess-precision=fast  -fno-rtti -fno-exceptions conftest.c >&5
cc1: warning: command line option '-fno-rtti' is valid for C++/ObjC++ but not for C
configure:10072: $? = 0
configure:10085: result: no
configure:10100: checking for gcc option to produce PIC
configure:10310: result: -fPIC
configure:10318: checking if gcc PIC flag -fPIC works
configure:10336: gcc -c  -O3 -fomit-frame-pointer -finline-functions -Wall -Wno-unused -msse2 -funroll-all-loops -std=gnu99 -fexcess-precision=fast  -fPIC -DPIC conftest.c >&5
configure:10340: $? = 0
configure:10353: result: yes
configure:10381: checking if gcc static flag -static works
configure:10409: result: yes
configure:10419: checking if gcc supports -c -o file.o
configure:10440: gcc -c  -O3 -fomit-frame-pointer -finline-functions -Wall -Wno-unused -msse2 -funroll-all-loops -std=gnu99 -fexcess-precision=fast  -o out/conftest2.o conftest.c >&5
configure:10444: $? = 0
configure:10466: result: yes
configure:10492: checking whether the gcc linker (/usr/bin/ld -m elf_x86_64) supports shared libraries
configure:11408: result: yes
configure:11475: checking dynamic linker characteristics
configure:12063: result: GNU/Linux ld.so
configure:12072: checking how to hardcode library paths into programs
configure:12097: result: immediate
configure:12111: checking whether stripping libraries is possible
configure:12116: result: yes
configure:12673: checking if libtool supports shared libraries
configure:12675: result: yes
configure:12678: checking whether to build shared libraries
configure:12699: result: no
configure:12702: checking whether to build static libraries
configure:12706: result: yes
configure:12798: creating libtool
configure:13382: checking for ld used by g++
configure:13449: result: /usr/bin/ld -m elf_x86_64
configure:13456: checking if the linker (/usr/bin/ld -m elf_x86_64) is GNU ld
configure:13471: result: yes
configure:13522: checking whether the g++ linker (/usr/bin/ld -m elf_x86_64) supports shared libraries
configure:14418: result: yes
configure:14440: g++ -c -g -O2  conftest.cpp >&5
configure:14443: $? = 0
configure:14562: checking for g++ option to produce PIC
configure:14836: result: -fPIC
configure:14844: checking if g++ PIC flag -fPIC works
configure:14862: g++ -c -g -O2  -fPIC -DPIC conftest.cpp >&5
configure:14866: $? = 0
configure:14879: result: yes
configure:14907: checking if g++ static flag -static works
configure:14935: result: yes
configure:14945: checking if g++ supports -c -o file.o
configure:14966: g++ -c -g -O2  -o out/conftest2.o conftest.cpp >&5
configure:14970: $? = 0
configure:14992: result: yes
configure:15018: checking whether the g++ linker (/usr/bin/ld -m elf_x86_64) supports shared libraries
configure:15043: result: yes
configure:15110: checking dynamic linker characteristics
configure:15698: result: GNU/Linux ld.so
configure:15707: checking how to hardcode library paths into programs
configure:15732: result: immediate
configure:21795: checking for special C compiler options needed for large files
configure:21848: result: no
configure:21854: checking for _FILE_OFFSET_BITS value needed for large files
configure:21887: gcc -c  -O3 -fomit-frame-pointer -finline-functions -Wall -Wno-unused -msse2 -funroll-all-loops -std=gnu99 -fexcess-precision=fast  conftest.c >&5
configure:21887: $? = 0
configure:21927: result: no
configure:22028: checking for _LARGEFILE_SOURCE value needed for large files
configure:22055: gcc -o conftest  -O3 -fomit-frame-pointer -finline-functions -Wall -Wno-unused -msse2 -funroll-all-loops -std=gnu99 -fexcess-precision=fast    conftest.c  >&5
configure:22055: $? = 0
configure:22091: result: no
configure:22125: checking for sqrt in -lm
configure:22158: gcc -o conftest  -O3 -fomit-frame-pointer -finline-functions -Wall -Wno-unused -msse2 -funroll-all-loops -std=gnu99 -fexcess-precision=fast    conftest.c -lm   >&5
conftest.c:39:6: warning: conflicting types for built-in function 'sqrt'
 char sqrt ();
      ^
configure:22158: $? = 0
configure:22167: result: yes
configure:22196: checking rpc/rpc.h usability
configure:22196: gcc -c  -O3 -fomit-frame-pointer -finline-functions -Wall -Wno-unused -msse2 -funroll-all-loops -std=gnu99 -fexcess-precision=fast  conftest.c >&5
configure:22196: $? = 0
configure:22196: result: yes
configure:22196: checking rpc/rpc.h presence
configure:22196: gcc -E  conftest.c
configure:22196: $? = 0
configure:22196: result: yes
configure:22196: checking for rpc/rpc.h
configure:22196: result: yes
configure:22208: checking for rpc/xdr.h
configure:22208: gcc -c  -O3 -fomit-frame-pointer -finline-functions -Wall -Wno-unused -msse2 -funroll-all-loops -std=gnu99 -fexcess-precision=fast  conftest.c >&5
configure:22208: $? = 0
configure:22208: result: yes
configure:22222: checking for xdr_float in -lnsl
configure:22255: gcc -o conftest  -O3 -fomit-frame-pointer -finline-functions -Wall -Wno-unused -msse2 -funroll-all-loops -std=gnu99 -fexcess-precision=fast    conftest.c -lnsl  -lm  >&5
configure:22255: $? = 0
configure:22264: result: yes
configure:22305: gcc -o conftest  -O3 -fomit-frame-pointer -finline-functions -Wall -Wno-unused -msse2 -funroll-all-loops -std=gnu99 -fexcess-precision=fast    conftest.c -lnsl -lm  >&5
conftest.c: In function 'main':
conftest.c:59:20: warning: 'xd' is used uninitialized in this function [-Wuninitialized]
  XDR *xd; float f; xdr_float(xd,&f);
                    ^
configure:22305: $? = 0
configure:22325: checking for working memcmp
configure:22376: gcc -o conftest  -O3 -fomit-frame-pointer -finline-functions -Wall -Wno-unused -msse2 -funroll-all-loops -std=gnu99 -fexcess-precision=fast    conftest.c -lnsl -lm  >&5
configure:22376: $? = 0
configure:22376: ./conftest
configure:22376: $? = 0
configure:22386: result: yes
configure:22395: checking return type of signal handlers
configure:22421: gcc -c  -O3 -fomit-frame-pointer -finline-functions -Wall -Wno-unused -msse2 -funroll-all-loops -std=gnu99 -fexcess-precision=fast  conftest.c >&5
conftest.c: In function 'main':
conftest.c:50:9: error: void value not ignored as it ought to be
 return *(signal (0, 0)) (0) == 1;
         ^
configure:22421: $? = 1
configure: failed program was:
| /* confdefs.h */
| #define PACKAGE_NAME "xdrfile"
| #define PACKAGE_TARNAME "xdrfile"
| #define PACKAGE_VERSION "1.1.1"
| #define PACKAGE_STRING "xdrfile 1.1.1"
| #define PACKAGE_BUGREPORT "gmx-users@gromacs.org"
| #define PACKAGE_URL ""
| #define PACKAGE "xdrfile"
| #define VERSION "1.1.1"
| #define BUILD_TIME "Sun Aug  5 19:34:03 PDT 2018"
| #define BUILD_USER "cson@blob"
| #define BUILD_MACHINE "Linux 4.4.0-72-generic x86_64"
| #define F77_OR_C_FUNC(name,NAME) name
| #define F77_OR_C_FUNC_(name,NAME) name
| #define STDC_HEADERS 1
| #define HAVE_SYS_TYPES_H 1
| #define HAVE_SYS_STAT_H 1
| #define HAVE_STDLIB_H 1
| #define HAVE_STRING_H 1
| #define HAVE_MEMORY_H 1
| #define HAVE_STRINGS_H 1
| #define HAVE_INTTYPES_H 1
| #define HAVE_STDINT_H 1
| #define HAVE_UNISTD_H 1
| #define SIZEOF_INT 4
| #define SIZEOF_LONG_INT 8
| #define SIZEOF_LONG_LONG_INT 8
| #define FLOAT_FORMAT_IEEE754 /**/
| #define HAVE_DLFCN_H 1
| #define HAVE_FSEEKO 1
| #define HAVE_LIBM 1
| #define HAVE_RPC_RPC_H 1
| #define HAVE_RPC_XDR_H 1
| #define HAVE_LIBNSL 1
| /* end confdefs.h.  */
| #include <sys/types.h>
| #include <signal.h>
| 
| #ifdef F77_DUMMY_MAIN
| 
| #  ifdef __cplusplus
|      extern "C"
| #  endif
|    int F77_DUMMY_MAIN() { return 1; }
| 
| #endif
| int
| main ()
| {
| return *(signal (0, 0)) (0) == 1;
|   ;
|   return 0;
| }
configure:22428: result: void
configure:22438: checking for vprintf
configure:22438: gcc -o conftest  -O3 -fomit-frame-pointer -finline-functions -Wall -Wno-unused -msse2 -funroll-all-loops -std=gnu99 -fexcess-precision=fast    conftest.c -lnsl -lm  >&5
conftest.c:60:6: warning: conflicting types for built-in function 'vprintf'
 char vprintf ();
      ^
configure:22438: $? = 0
configure:22438: result: yes
configure:22444: checking for _doprnt
configure:22444: gcc -o conftest  -O3 -fomit-frame-pointer -finline-functions -Wall -Wno-unused -msse2 -funroll-all-loops -std=gnu99 -fexcess-precision=fast    conftest.c -lnsl -lm  >&5
/tmp/ccIH1lqX.o: In function `main':
conftest.c:(.text.startup+0x7): undefined reference to `_doprnt'
collect2: error: ld returned 1 exit status
configure:22444: $? = 1
configure: failed program was:
| /* confdefs.h */
| #define PACKAGE_NAME "xdrfile"
| #define PACKAGE_TARNAME "xdrfile"
| #define PACKAGE_VERSION "1.1.1"
| #define PACKAGE_STRING "xdrfile 1.1.1"
| #define PACKAGE_BUGREPORT "gmx-users@gromacs.org"
| #define PACKAGE_URL ""
| #define PACKAGE "xdrfile"
| #define VERSION "1.1.1"
| #define BUILD_TIME "Sun Aug  5 19:34:03 PDT 2018"
| #define BUILD_USER "cson@blob"
| #define BUILD_MACHINE "Linux 4.4.0-72-generic x86_64"
| #define F77_OR_C_FUNC(name,NAME) name
| #define F77_OR_C_FUNC_(name,NAME) name
| #define STDC_HEADERS 1
| #define HAVE_SYS_TYPES_H 1
| #define HAVE_SYS_STAT_H 1
| #define HAVE_STDLIB_H 1
| #define HAVE_STRING_H 1
| #define HAVE_MEMORY_H 1
| #define HAVE_STRINGS_H 1
| #define HAVE_INTTYPES_H 1
| #define HAVE_STDINT_H 1
| #define HAVE_UNISTD_H 1
| #define SIZEOF_INT 4
| #define SIZEOF_LONG_INT 8
| #define SIZEOF_LONG_LONG_INT 8
| #define FLOAT_FORMAT_IEEE754 /**/
| #define HAVE_DLFCN_H 1
| #define HAVE_FSEEKO 1
| #define HAVE_LIBM 1
| #define HAVE_RPC_RPC_H 1
| #define HAVE_RPC_XDR_H 1
| #define HAVE_LIBNSL 1
| #define RETSIGTYPE void
| #define HAVE_VPRINTF 1
| /* end confdefs.h.  */
| /* Define _doprnt to an innocuous variant, in case <limits.h> declares _doprnt.
|    For example, HP-UX 11i <limits.h> declares gettimeofday.  */
| #define _doprnt innocuous__doprnt
| 
| /* System header to define __stub macros and hopefully few prototypes,
|     which can conflict with char _doprnt (); below.
|     Prefer <limits.h> to <assert.h> if __STDC__ is defined, since
|     <limits.h> exists even on freestanding compilers.  */
| 
| #ifdef __STDC__
| # include <limits.h>
| #else
| # include <assert.h>
| #endif
| 
| #undef _doprnt
| 
| /* Override any GCC internal prototype to avoid an error.
|    Use char because int might match the return type of a GCC
|    builtin and then its argument prototype would still apply.  */
| #ifdef __cplusplus
| extern "C"
| #endif
| char _doprnt ();
| /* The GNU C library defines this for functions which it implements
|     to always fail with ENOSYS.  Some functions are actually named
|     something starting with __ and the normal name is an alias.  */
| #if defined __stub__doprnt || defined __stub____doprnt
| choke me
| #endif
| 
| #ifdef F77_DUMMY_MAIN
| 
| #  ifdef __cplusplus
|      extern "C"
| #  endif
|    int F77_DUMMY_MAIN() { return 1; }
| 
| #endif
| int
| main ()
| {
| return _doprnt ();
|   ;
|   return 0;
| }
configure:22444: result: no
configure:22455: checking if malloc debugging is wanted
configure:22473: result: no
configure:22480: checking for strcasecmp
configure:22480: gcc -o conftest  -O3 -fomit-frame-pointer -finline-functions -Wall -Wno-unused -msse2 -funroll-all-loops -std=gnu99 -fexcess-precision=fast    conftest.c -lnsl -lm  >&5
conftest.c:61:6: warning: conflicting types for built-in function 'strcasecmp'
 char strcasecmp ();
      ^
configure:22480: $? = 0
configure:22480: result: yes
configure:22491: checking for strdup
configure:22491: gcc -o conftest  -O3 -fomit-frame-pointer -finline-functions -Wall -Wno-unused -msse2 -funroll-all-loops -std=gnu99 -fexcess-precision=fast    conftest.c -lnsl -lm  >&5
conftest.c:62:6: warning: conflicting types for built-in function 'strdup'
 char strdup ();
      ^
configure:22491: $? = 0
configure:22491: result: yes
configure:22501: checking for bool
configure:22501: gcc -c  -O3 -fomit-frame-pointer -finline-functions -Wall -Wno-unused -msse2 -funroll-all-loops -std=gnu99 -fexcess-precision=fast  conftest.c >&5
conftest.c: In function 'main':
conftest.c:84:13: error: 'bool' undeclared (first use in this function)
 if (sizeof (bool))
             ^
conftest.c:84:13: note: each undeclared identifier is reported only once for each function it appears in
configure:22501: $? = 1
configure: failed program was:
| /* confdefs.h */
| #define PACKAGE_NAME "xdrfile"
| #define PACKAGE_TARNAME "xdrfile"
| #define PACKAGE_VERSION "1.1.1"
| #define PACKAGE_STRING "xdrfile 1.1.1"
| #define PACKAGE_BUGREPORT "gmx-users@gromacs.org"
| #define PACKAGE_URL ""
| #define PACKAGE "xdrfile"
| #define VERSION "1.1.1"
| #define BUILD_TIME "Sun Aug  5 19:34:03 PDT 2018"
| #define BUILD_USER "cson@blob"
| #define BUILD_MACHINE "Linux 4.4.0-72-generic x86_64"
| #define F77_OR_C_FUNC(name,NAME) name
| #define F77_OR_C_FUNC_(name,NAME) name
| #define STDC_HEADERS 1
| #define HAVE_SYS_TYPES_H 1
| #define HAVE_SYS_STAT_H 1
| #define HAVE_STDLIB_H 1
| #define HAVE_STRING_H 1
| #define HAVE_MEMORY_H 1
| #define HAVE_STRINGS_H 1
| #define HAVE_INTTYPES_H 1
| #define HAVE_STDINT_H 1
| #define HAVE_UNISTD_H 1
| #define SIZEOF_INT 4
| #define SIZEOF_LONG_INT 8
| #define SIZEOF_LONG_LONG_INT 8
| #define FLOAT_FORMAT_IEEE754 /**/
| #define HAVE_DLFCN_H 1
| #define HAVE_FSEEKO 1
| #define HAVE_LIBM 1
| #define HAVE_RPC_RPC_H 1
| #define HAVE_RPC_XDR_H 1
| #define HAVE_LIBNSL 1
| #define RETSIGTYPE void
| #define HAVE_VPRINTF 1
| #define HAVE_STRCASECMP 1
| #define HAVE_STRDUP 1
| /* end confdefs.h.  */
| #include <stdio.h>
| #ifdef HAVE_SYS_TYPES_H
| # include <sys/types.h>
| #endif
| #ifdef HAVE_SYS_STAT_H
| # include <sys/stat.h>
| #endif
| #ifdef STDC_HEADERS
| # include <stdlib.h>
| # include <stddef.h>
| #else
| # ifdef HAVE_STDLIB_H
| #  include <stdlib.h>
| # endif
| #endif
| #ifdef HAVE_STRING_H
| # if !defined STDC_HEADERS && defined HAVE_MEMORY_H
| #  include <memory.h>
| # endif
| # include <string.h>
| #endif
| #ifdef HAVE_STRINGS_H
| # include <strings.h>
| #endif
| #ifdef HAVE_INTTYPES_H
| # include <inttypes.h>
| #endif
| #ifdef HAVE_STDINT_H
| # include <stdint.h>
| #endif
| #ifdef HAVE_UNISTD_H
| # include <unistd.h>
| #endif
| #ifdef F77_DUMMY_MAIN
| 
| #  ifdef __cplusplus
|      extern "C"
| #  endif
|    int F77_DUMMY_MAIN() { return 1; }
| 
| #endif
| int
| main ()
| {
| if (sizeof (bool))
| 	 return 0;
|   ;
|   return 0;
| }
configure:22501: result: no
configure:22542: checking limits.h usability
configure:22542: gcc -c  -O3 -fomit-frame-pointer -finline-functions -Wall -Wno-unused -msse2 -funroll-all-loops -std=gnu99 -fexcess-precision=fast  conftest.c >&5
configure:22542: $? = 0
configure:22542: result: yes
configure:22542: checking limits.h presence
configure:22542: gcc -E  conftest.c
configure:22542: $? = 0
configure:22542: result: yes
configure:22542: checking for limits.h
configure:22542: result: yes
configure:22542: checking for strings.h
configure:22542: result: yes
configure:22542: checking for unistd.h
configure:22542: result: yes
configure:22556: checking for unistd.h
configure:22556: result: yes
configure:22569: checking for an ANSI C-conforming const
configure:22643: gcc -c  -O3 -fomit-frame-pointer -finline-functions -Wall -Wno-unused -msse2 -funroll-all-loops -std=gnu99 -fexcess-precision=fast  conftest.c >&5
configure:22643: $? = 0
configure:22650: result: yes
configure:22658: checking for size_t
configure:22658: gcc -c  -O3 -fomit-frame-pointer -finline-functions -Wall -Wno-unused -msse2 -funroll-all-loops -std=gnu99 -fexcess-precision=fast  conftest.c >&5
configure:22658: $? = 0
configure:22658: gcc -c  -O3 -fomit-frame-pointer -finline-functions -Wall -Wno-unused -msse2 -funroll-all-loops -std=gnu99 -fexcess-precision=fast  conftest.c >&5
conftest.c: In function 'main':
conftest.c:88:21: error: expected expression before ')' token
 if (sizeof ((size_t)))
                     ^
configure:22658: $? = 1
configure: failed program was:
| /* confdefs.h */
| #define PACKAGE_NAME "xdrfile"
| #define PACKAGE_TARNAME "xdrfile"
| #define PACKAGE_VERSION "1.1.1"
| #define PACKAGE_STRING "xdrfile 1.1.1"
| #define PACKAGE_BUGREPORT "gmx-users@gromacs.org"
| #define PACKAGE_URL ""
| #define PACKAGE "xdrfile"
| #define VERSION "1.1.1"
| #define BUILD_TIME "Sun Aug  5 19:34:03 PDT 2018"
| #define BUILD_USER "cson@blob"
| #define BUILD_MACHINE "Linux 4.4.0-72-generic x86_64"
| #define F77_OR_C_FUNC(name,NAME) name
| #define F77_OR_C_FUNC_(name,NAME) name
| #define STDC_HEADERS 1
| #define HAVE_SYS_TYPES_H 1
| #define HAVE_SYS_STAT_H 1
| #define HAVE_STDLIB_H 1
| #define HAVE_STRING_H 1
| #define HAVE_MEMORY_H 1
| #define HAVE_STRINGS_H 1
| #define HAVE_INTTYPES_H 1
| #define HAVE_STDINT_H 1
| #define HAVE_UNISTD_H 1
| #define SIZEOF_INT 4
| #define SIZEOF_LONG_INT 8
| #define SIZEOF_LONG_LONG_INT 8
| #define FLOAT_FORMAT_IEEE754 /**/
| #define HAVE_DLFCN_H 1
| #define HAVE_FSEEKO 1
| #define HAVE_LIBM 1
| #define HAVE_RPC_RPC_H 1
| #define HAVE_RPC_XDR_H 1
| #define HAVE_LIBNSL 1
| #define RETSIGTYPE void
| #define HAVE_VPRINTF 1
| #define HAVE_STRCASECMP 1
| #define HAVE_STRDUP 1
| #define HAVE_LIMITS_H 1
| #define HAVE_STRINGS_H 1
| #define HAVE_UNISTD_H 1
| #define HAVE_UNISTD_H 1
| /* end confdefs.h.  */
| #include <stdio.h>
| #ifdef HAVE_SYS_TYPES_H
| # include <sys/types.h>
| #endif
| #ifdef HAVE_SYS_STAT_H
| # include <sys/stat.h>
| #endif
| #ifdef STDC_HEADERS
| # include <stdlib.h>
| # include <stddef.h>
| #else
| # ifdef HAVE_STDLIB_H
| #  include <stdlib.h>
| # endif
| #endif
| #ifdef HAVE_STRING_H
| # if !defined STDC_HEADERS && defined HAVE_MEMORY_H
| #  include <memory.h>
| # endif
| # include <string.h>
| #endif
| #ifdef HAVE_STRINGS_H
| # include <strings.h>
| #endif
| #ifdef HAVE_INTTYPES_H
| # include <inttypes.h>
| #endif
| #ifdef HAVE_STDINT_H
| # include <stdint.h>
| #endif
| #ifdef HAVE_UNISTD_H
| # include <unistd.h>
| #endif
| #ifdef F77_DUMMY_MAIN
| 
| #  ifdef __cplusplus
|      extern "C"
| #  endif
|    int F77_DUMMY_MAIN() { return 1; }
| 
| #endif
| int
| main ()
| {
| if (sizeof ((size_t)))
| 	    return 0;
|   ;
|   return 0;
| }
configure:22658: result: yes
configure:22669: checking whether struct tm is in sys/time.h or time.h
configure:22697: gcc -c  -O3 -fomit-frame-pointer -finline-functions -Wall -Wno-unused -msse2 -funroll-all-loops -std=gnu99 -fexcess-precision=fast  conftest.c >&5
configure:22697: $? = 0
configure:22704: result: time.h
configure:22712: checking for uid_t in sys/types.h
configure:22731: result: yes
configure:22742: checking for inline
configure:22758: gcc -c  -O3 -fomit-frame-pointer -finline-functions -Wall -Wno-unused -msse2 -funroll-all-loops -std=gnu99 -fexcess-precision=fast  conftest.c >&5
configure:22758: $? = 0
configure:22766: result: inline
configure:22800: checking whether byte ordering is bigendian
configure:23054: result: no
configure:23366: creating ./config.status

## ---------------------- ##
## Running config.status. ##
## ---------------------- ##

This file was extended by xdrfile config.status 1.1.1, which was
generated by GNU Autoconf 2.69.  Invocation command line was

  CONFIG_FILES    = 
  CONFIG_HEADERS  = 
  CONFIG_LINKS    = 
  CONFIG_COMMANDS = 
  $ ./config.status 

on blob

config.status:920: creating Makefile
config.status:920: creating include/Makefile
config.status:920: creating src/Makefile
config.status:920: creating src/python/Makefile
config.status:920: creating config.h
config.status:1149: executing depfiles commands

## ---------------- ##
## Cache variables. ##
## ---------------- ##

ac_cv_build=x86_64-unknown-linux-gnu
ac_cv_c_bigendian=no
ac_cv_c_compiler_gnu=yes
ac_cv_c_const=yes
ac_cv_c_inline=inline
ac_cv_cxx_compiler_gnu=yes
ac_cv_env_CCASFLAGS_set=
ac_cv_env_CCASFLAGS_value=
ac_cv_env_CCAS_set=
ac_cv_env_CCAS_value=
ac_cv_env_CCC_set=
ac_cv_env_CCC_value=
ac_cv_env_CC_set=set
ac_cv_env_CC_value=gcc
ac_cv_env_CFLAGS_set=
ac_cv_env_CFLAGS_value=
ac_cv_env_CPPFLAGS_set=
ac_cv_env_CPPFLAGS_value=
ac_cv_env_CPP_set=
ac_cv_env_CPP_value=
ac_cv_env_CXXCPP_set=
ac_cv_env_CXXCPP_value=
ac_cv_env_CXXFLAGS_set=
ac_cv_env_CXXFLAGS_value=
ac_cv_env_CXX_set=
ac_cv_env_CXX_value=
ac_cv_env_F77_set=
ac_cv_env_F77_value=
ac_cv_env_FFLAGS_set=
ac_cv_env_FFLAGS_value=
ac_cv_env_LDFLAGS_set=
ac_cv_env_LDFLAGS_value=
ac_cv_env_LIBS_set=
ac_cv_env_LIBS_value=
ac_cv_env_build_alias_set=
ac_cv_env_build_alias_value=
ac_cv_env_host_alias_set=
ac_cv_env_host_alias_value=
ac_cv_env_target_alias_set=
ac_cv_env_target_alias_value=
ac_cv_func__doprnt=no
ac_cv_func_memcmp_working=yes
ac_cv_func_strcasecmp=yes
ac_cv_func_strdup=yes
ac_cv_func_vprintf=yes
ac_cv_header_dlfcn_h=yes
ac_cv_header_inttypes_h=yes
ac_cv_header_limits_h=yes
ac_cv_header_memory_h=yes
ac_cv_header_rpc_rpc_h=yes
ac_cv_header_rpc_xdr_h=yes
ac_cv_header_stdc=yes
ac_cv_header_stdint_h=yes
ac_cv_header_stdlib_h=yes
ac_cv_header_string_h=yes
ac_cv_header_strings_h=yes
ac_cv_header_sys_stat_h=yes
ac_cv_header_sys_types_h=yes
ac_cv_header_unistd_h=yes
ac_cv_host=x86_64-unknown-linux-gnu
ac_cv_lib_m_sqrt=yes
ac_cv_lib_nsl_xdr_float=yes
ac_cv_objext=o
ac_cv_path_EGREP='/bin/grep -E'
ac_cv_path_GREP=/bin/grep
ac_cv_path_install='/usr/bin/install -c'
ac_cv_path_mkdir=/bin/mkdir
ac_cv_prog_AWK=gawk
ac_cv_prog_CPP='gcc -E'
ac_cv_prog_CXXCPP='g++ -E'
ac_cv_prog_ac_ct_AR=ar
ac_cv_prog_ac_ct_CXX=g++
ac_cv_prog_ac_ct_RANLIB=ranlib
ac_cv_prog_ac_ct_STRIP=strip
ac_cv_prog_cc_c89=
ac_cv_prog_cc_g=yes
ac_cv_prog_cxx_g=yes
ac_cv_prog_make_make_set=yes
ac_cv_sizeof_int=4
ac_cv_sizeof_long_int=8
ac_cv_sizeof_long_long_int=8
ac_cv_struct_tm=time.h
ac_cv_sys_file_offset_bits=no
ac_cv_sys_largefile_CC=no
ac_cv_sys_largefile_source=no
ac_cv_type_bool=no
ac_cv_type_signal=void
ac_cv_type_size_t=yes
ac_cv_type_uid_t=yes
am_cv_CCAS_dependencies_compiler_type=gcc3
am_cv_CC_dependencies_compiler_type=gcc3
am_cv_CXX_dependencies_compiler_type=gcc3
am_cv_prog_tar_ustar=gnutar
lt_cv_deplibs_check_method=pass_all
lt_cv_file_magic_cmd='$MAGIC_CMD'
lt_cv_file_magic_test_file=
lt_cv_ld_reload_flag=-r
lt_cv_objdir=.libs
lt_cv_path_LD=/usr/bin/ld
lt_cv_path_LDCXX='/usr/bin/ld -m elf_x86_64'
lt_cv_path_NM='/usr/bin/nm -B'
lt_cv_path_SED=/bin/sed
lt_cv_prog_compiler_c_o=yes
lt_cv_prog_compiler_c_o_CXX=yes
lt_cv_prog_compiler_rtti_exceptions=no
lt_cv_prog_gnu_ld=yes
lt_cv_prog_gnu_ldcxx=yes
lt_cv_sys_global_symbol_pipe='sed -n -e '\''s/^.*[ 	]\([ABCDGIRSTW][ABCDGIRSTW]*\)[ 	][ 	]*\([_A-Za-z][_A-Za-z0-9]*\)$/\1 \2 \2/p'\'''
lt_cv_sys_global_symbol_to_c_name_address='sed -n -e '\''s/^: \([^ ]*\) $/  {\"\1\", (lt_ptr) 0},/p'\'' -e '\''s/^[BCDEGRST] \([^ ]*\) \([^ ]*\)$/  {"\2", (lt_ptr) \&\2},/p'\'''
lt_cv_sys_global_symbol_to_cdecl='sed -n -e '\''s/^. .* \(.*\)$/extern int \1;/p'\'''
lt_cv_sys_max_cmd_len=32768
lt_lt_cv_prog_compiler_c_o='"yes"'
lt_lt_cv_prog_compiler_c_o_CXX='"yes"'
lt_lt_cv_sys_global_symbol_pipe='"sed -n -e '\''s/^.*[ 	]\\([ABCDGIRSTW][ABCDGIRSTW]*\\)[ 	][ 	]*\\([_A-Za-z][_A-Za-z0-9]*\\)\$/\\1 \\2 \\2/p'\''"'
lt_lt_cv_sys_global_symbol_to_c_name_address='"sed -n -e '\''s/^: \\([^ ]*\\) \$/  {\\\"\\1\\\", (lt_ptr) 0},/p'\'' -e '\''s/^[BCDEGRST] \\([^ ]*\\) \\([^ ]*\\)\$/  {\"\\2\", (lt_ptr) \\&\\2},/p'\''"'
lt_lt_cv_sys_global_symbol_to_cdecl='"sed -n -e '\''s/^. .* \\(.*\\)\$/extern int \\1;/p'\''"'

## ----------------- ##
## Output variables. ##
## ----------------- ##

ACLOCAL='${SHELL} /home/cson/program/utility/trajmod/gmx_xtc/xdrfile-1.1.1/config/missing --run aclocal-1.11'
AMDEPBACKSLASH='\'
AMDEP_FALSE='#'
AMDEP_TRUE=''
AMTAR='${SHELL} /home/cson/program/utility/trajmod/gmx_xtc/xdrfile-1.1.1/config/missing --run tar'
AR='ar'
AS='gcc'
ASFLAGS=' -O3 -fomit-frame-pointer -finline-functions -Wall -Wno-unused -msse2 -funroll-all-loops -std=gnu99 -fexcess-precision=fast'
AUTOCONF='${SHELL} /home/cson/program/utility/trajmod/gmx_xtc/xdrfile-1.1.1/config/missing --run autoconf'
AUTOHEADER='${SHELL} /home/cson/program/utility/trajmod/gmx_xtc/xdrfile-1.1.1/config/missing --run autoheader'
AUTOMAKE='${SHELL} /home/cson/program/utility/trajmod/gmx_xtc/xdrfile-1.1.1/config/missing --run automake-1.11'
AWK='gawk'
CC='gcc'
CCAS='gcc'
CCASDEPMODE='depmode=gcc3'
CCASFLAGS=' -O3 -fomit-frame-pointer -finline-functions -Wall -Wno-unused -msse2 -funroll-all-loops -std=gnu99 -fexcess-precision=fast'
CCDEPMODE='depmode=gcc3'
CC_FOR_BUILD='gcc'
CFLAGS=' -O3 -fomit-frame-pointer -finline-functions -Wall -Wno-unused -msse2 -funroll-all-loops -std=gnu99 -fexcess-precision=fast'
CPP='gcc -E'
CPPFLAGS=''
CXX='g++'
CXXCPP='g++ -E'
CXXDEPMODE='depmode=gcc3'
CXXFLAGS='-g -O2'
CYGPATH_W='echo'
DEFS='-DHAVE_CONFIG_H'
DEPDIR='.deps'
DLLTOOL='dlltool'
ECHO='echo'
ECHO_C=''
ECHO_N='-n'
ECHO_T=''
EGREP='/bin/grep -E'
EXEEXT=''
F77=''
F77LINK='$(LINK)'
FFLAGS=''
FLIBS=''
GMXANA_LIBOBJS=''
GMXLIB_LIBOBJS=''
GMX_FORTRAN_FALSE=''
GMX_FORTRAN_TRUE='#'
GREP='/bin/grep'
INCLUDES=''
INSTALL_DATA='${INSTALL} -m 644'
INSTALL_PROGRAM='${INSTALL}'
INSTALL_SCRIPT='${INSTALL}'
INSTALL_STRIP_PROGRAM='$(install_sh) -c -s'
LDFLAGS='  '
LIBOBJS=''
LIBS='-lnsl -lm  '
LIBSUFFIX=''
LIBTOOL='$(SHELL) $(top_builddir)/libtool'
LN_S='ln -s'
LTLIBOBJS=''
MAKEINFO='${SHELL} /home/cson/program/utility/trajmod/gmx_xtc/xdrfile-1.1.1/config/missing --run makeinfo'
MDLIB_LIBOBJS=''
MKDIR_P='/bin/mkdir -p'
MPICC=''
OBJDUMP='objdump'
OBJEXT='o'
PACKAGE='xdrfile'
PACKAGE_BUGREPORT='gmx-users@gromacs.org'
PACKAGE_NAME='xdrfile'
PACKAGE_STRING='xdrfile 1.1.1'
PACKAGE_TARNAME='xdrfile'
PACKAGE_URL=''
PACKAGE_VERSION='1.1.1'
PATH_SEPARATOR=':'
RANLIB='ranlib'
RPM='rpm'
SET_MAKE=''
SHARED_VERSION_INFO='4:0:0'
SHELL='/bin/bash'
STRIP='strip'
VERSION='1.1.1'
ac_ct_CC=''
ac_ct_CXX='g++'
ac_ct_F77=''
am__EXEEXT_FALSE=''
am__EXEEXT_TRUE='#'
am__fastdepCCAS_FALSE='#'
am__fastdepCCAS_TRUE=''
am__fastdepCC_FALSE='#'
am__fastdepCC_TRUE=''
am__fastdepCXX_FALSE='#'
am__fastdepCXX_TRUE=''
am__include='include'
am__isrc=''
am__leading_dot='.'
am__quote=''
am__tar='tar --format=ustar -chf - "$$tardir"'
am__untar='tar -xf -'
bindir='${exec_prefix}/bin'
build='x86_64-unknown-linux-gnu'
build_alias=''
build_cpu='x86_64'
build_os='linux-gnu'
build_vendor='unknown'
datadir='${datarootdir}'
datarootdir='${prefix}/share'
docdir='${datarootdir}/doc/${PACKAGE_TARNAME}'
dvidir='${docdir}'
exec_prefix='${prefix}'
host='x86_64-unknown-linux-gnu'
host_alias=''
host_cpu='x86_64'
host_os='linux-gnu'
host_vendor='unknown'
htmldir='${docdir}'
includedir='${prefix}/include'
infodir='${datarootdir}/info'
install_sh='${SHELL} /home/cson/program/utility/trajmod/gmx_xtc/xdrfile-1.1.1/config/install-sh'
libdir='${exec_prefix}/lib'
libexecdir='${exec_prefix}/libexec'
localedir='${datarootdir}/locale'
localstatedir='${prefix}/var'
mandir='${datarootdir}/man'
mkdir_p='/bin/mkdir -p'
oldincludedir='/usr/include'
pdfdir='${docdir}'
prefix='/home/cson/program/utility/trajmod/gmx_xtc'
program_transform_name='s,x,x,'
psdir='${docdir}'
sbindir='${exec_prefix}/sbin'
sharedstatedir='${prefix}/com'
sysconfdir='${prefix}/etc'
target_alias=''

## ----------- ##
## confdefs.h. ##
## ----------- ##

/* confdefs.h */
#define PACKAGE_NAME "xdrfile"
#define PACKAGE_TARNAME "xdrfile"
#define PACKAGE_VERSION "1.1.1"
#define PACKAGE_STRING "xdrfile 1.1.1"
#define PACKAGE_BUGREPORT "gmx-users@gromacs.org"
#define PACKAGE_URL ""
#define PACKAGE "xdrfile"
#define VERSION "1.1.1"
#define BUILD_TIME "Sun Aug  5 19:34:03 PDT 2018"
#define BUILD_USER "cson@blob"
#define BUILD_MACHINE "Linux 4.4.0-72-generic x86_64"
#define F77_OR_C_FUNC(name,NAME) name
#define F77_OR_C_FUNC_(name,NAME) name
#define STDC_HEADERS 1
#define HAVE_SYS_TYPES_H 1
#define HAVE_SYS_STAT_H 1
#define HAVE_STDLIB_H 1
#define HAVE_STRING_H 1
#define HAVE_MEMORY_H 1
#define HAVE_STRINGS_H 1
#define HAVE_INTTYPES_H 1
#define HAVE_STDINT_H 1
#define HAVE_UNISTD_H 1
#define SIZEOF_INT 4
#define SIZEOF_LONG_INT 8
#define SIZEOF_LONG_LONG_INT 8
#define FLOAT_FORMAT_IEEE754 /**/
#define HAVE_DLFCN_H 1
#define HAVE_FSEEKO 1
#define HAVE_LIBM 1
#define HAVE_RPC_RPC_H 1
#define HAVE_RPC_XDR_H 1
#define HAVE_LIBNSL 1
#define RETSIGTYPE void
#define HAVE_VPRINTF 1
#define HAVE_STRCASECMP 1
#define HAVE_STRDUP 1
#define HAVE_LIMITS_H 1
#define HAVE_STRINGS_H 1
#define HAVE_UNISTD_H 1
#define HAVE_UNISTD_H 1

configure: exit 0
